<?xml version="1.0" encoding="UTF-8"?>
<!-- Generated by org.testng.reporters.JUnitReportReporter -->
<testsuite hostname="Adwaitha" failures="0" tests="1" name="test.mothersparshtest" time="32.122" errors="0" timestamp="2023-07-06T20:33:04 IST" skipped="0">
  <testcase classname="test.mothersparshtest" name="test" time="32.122"/>
</testsuite> <!-- test.mothersparshtest -->
